<?xml version="1.0" encoding="UTF-8"?>
<coverage generated="1619697449094" clover="3.2.0">
  <project timestamp="1619697449094" name="All files">
    <metrics statements="27" coveredstatements="27" conditionals="8" coveredconditionals="4" methods="11" coveredmethods="11" elements="46" coveredelements="42" complexity="0" loc="27" ncloc="27" packages="1" files="1" classes="1"/>
    <file name="multilanguagejs.js" path="/Users/ianwelerson/Workspace/multilanguagejs/multilanguagejs.js">
      <metrics statements="27" coveredstatements="27" conditionals="8" coveredconditionals="4" methods="11" coveredmethods="11"/>
      <line num="21" count="14" type="stmt"/>
      <line num="22" count="14" type="stmt"/>
      <line num="23" count="14" type="stmt"/>
      <line num="34" count="6" type="cond" truecount="2" falsecount="0"/>
      <line num="36" count="1" type="stmt"/>
      <line num="38" count="1" type="stmt"/>
      <line num="40" count="1" type="stmt"/>
      <line num="44" count="5" type="stmt"/>
      <line num="46" count="5" type="stmt"/>
      <line num="48" count="5" type="stmt"/>
      <line num="57" count="1" type="cond" truecount="1" falsecount="1"/>
      <line num="59" count="1" type="stmt"/>
      <line num="68" count="3" type="stmt"/>
      <line num="77" count="1" type="stmt"/>
      <line num="86" count="2" type="cond" truecount="1" falsecount="1"/>
      <line num="95" count="8" type="stmt"/>
      <line num="96" count="8" type="stmt"/>
      <line num="98" count="8" type="stmt"/>
      <line num="107" count="5" type="stmt"/>
      <line num="108" count="5" type="stmt"/>
      <line num="111" count="5" type="stmt"/>
      <line num="113" count="5" type="stmt"/>
      <line num="115" count="11" type="stmt"/>
      <line num="117" count="11" type="stmt"/>
      <line num="128" count="5" type="stmt"/>
      <line num="130" count="5" type="stmt"/>
      <line num="131" count="18" type="stmt"/>
    </file>
  </project>
</coverage>
