{"/Users/ianwelerson/Workspace/multilanguagejs/multilanguagejs.js": {"path":"/Users/ianwelerson/Workspace/multilanguagejs/multilanguagejs.js","statementMap":{"0":{"start":{"line":21,"column":4},"end":{"line":21,"column":24}},"1":{"start":{"line":22,"column":4},"end":{"line":22,"column":44}},"2":{"start":{"line":23,"column":4},"end":{"line":23,"column":48}},"3":{"start":{"line":34,"column":4},"end":{"line":42,"column":5}},"4":{"start":{"line":36,"column":6},"end":{"line":36,"column":148}},"5":{"start":{"line":38,"column":6},"end":{"line":38,"column":50}},"6":{"start":{"line":40,"column":6},"end":{"line":40,"column":13}},"7":{"start":{"line":44,"column":4},"end":{"line":44,"column":30}},"8":{"start":{"line":46,"column":4},"end":{"line":46,"column":33}},"9":{"start":{"line":48,"column":4},"end":{"line":48,"column":26}},"10":{"start":{"line":57,"column":26},"end":{"line":57,"column":70}},"11":{"start":{"line":59,"column":4},"end":{"line":59,"column":38}},"12":{"start":{"line":68,"column":4},"end":{"line":68,"column":26}},"13":{"start":{"line":77,"column":4},"end":{"line":77,"column":35}},"14":{"start":{"line":86,"column":4},"end":{"line":86,"column":86}},"15":{"start":{"line":95,"column":20},"end":{"line":95,"column":78}},"16":{"start":{"line":96,"column":4},"end":{"line":96,"column":26}},"17":{"start":{"line":98,"column":4},"end":{"line":98,"column":21}},"18":{"start":{"line":107,"column":20},"end":{"line":107,"column":47}},"19":{"start":{"line":108,"column":25},"end":{"line":108,"column":39}},"20":{"start":{"line":111,"column":4},"end":{"line":111,"column":97}},"21":{"start":{"line":113,"column":4},"end":{"line":119,"column":7}},"22":{"start":{"line":115,"column":28},"end":{"line":115,"column":106}},"23":{"start":{"line":117,"column":6},"end":{"line":117,"column":66}},"24":{"start":{"line":128,"column":19},"end":{"line":128,"column":58}},"25":{"start":{"line":130,"column":4},"end":{"line":132,"column":7}},"26":{"start":{"line":131,"column":6},"end":{"line":131,"column":23}}},"fnMap":{"0":{"name":"(anonymous_0)","decl":{"start":{"line":19,"column":2},"end":{"line":19,"column":3}},"loc":{"start":{"line":19,"column":60},"end":{"line":25,"column":3}},"line":19},"1":{"name":"(anonymous_1)","decl":{"start":{"line":31,"column":2},"end":{"line":31,"column":3}},"loc":{"start":{"line":31,"column":27},"end":{"line":50,"column":3}},"line":31},"2":{"name":"(anonymous_2)","decl":{"start":{"line":55,"column":2},"end":{"line":55,"column":3}},"loc":{"start":{"line":55,"column":25},"end":{"line":61,"column":3}},"line":55},"3":{"name":"(anonymous_3)","decl":{"start":{"line":66,"column":2},"end":{"line":66,"column":3}},"loc":{"start":{"line":66,"column":22},"end":{"line":70,"column":3}},"line":66},"4":{"name":"(anonymous_4)","decl":{"start":{"line":75,"column":2},"end":{"line":75,"column":3}},"loc":{"start":{"line":75,"column":25},"end":{"line":79,"column":3}},"line":75},"5":{"name":"(anonymous_5)","decl":{"start":{"line":84,"column":2},"end":{"line":84,"column":3}},"loc":{"start":{"line":84,"column":23},"end":{"line":88,"column":3}},"line":84},"6":{"name":"(anonymous_6)","decl":{"start":{"line":93,"column":2},"end":{"line":93,"column":3}},"loc":{"start":{"line":93,"column":25},"end":{"line":100,"column":3}},"line":93},"7":{"name":"(anonymous_7)","decl":{"start":{"line":105,"column":2},"end":{"line":105,"column":3}},"loc":{"start":{"line":105,"column":19},"end":{"line":121,"column":3}},"line":105},"8":{"name":"(anonymous_8)","decl":{"start":{"line":113,"column":22},"end":{"line":113,"column":23}},"loc":{"start":{"line":113,"column":41},"end":{"line":119,"column":5}},"line":113},"9":{"name":"(anonymous_9)","decl":{"start":{"line":126,"column":2},"end":{"line":126,"column":3}},"loc":{"start":{"line":126,"column":23},"end":{"line":134,"column":3}},"line":126},"10":{"name":"(anonymous_10)","decl":{"start":{"line":130,"column":21},"end":{"line":130,"column":22}},"loc":{"start":{"line":130,"column":39},"end":{"line":132,"column":5}},"line":130}},"branchMap":{"0":{"loc":{"start":{"line":19,"column":14},"end":{"line":19,"column":36}},"type":"default-arg","locations":[{"start":{"line":19,"column":34},"end":{"line":19,"column":36}}],"line":19},"1":{"loc":{"start":{"line":19,"column":38},"end":{"line":19,"column":58}},"type":"default-arg","locations":[{"start":{"line":19,"column":56},"end":{"line":19,"column":58}}],"line":19},"2":{"loc":{"start":{"line":34,"column":4},"end":{"line":42,"column":5}},"type":"if","locations":[{"start":{"line":34,"column":4},"end":{"line":42,"column":5}},{"start":{"line":34,"column":4},"end":{"line":42,"column":5}}],"line":34},"3":{"loc":{"start":{"line":57,"column":26},"end":{"line":57,"column":70}},"type":"binary-expr","locations":[{"start":{"line":57,"column":26},"end":{"line":57,"column":44}},{"start":{"line":57,"column":48},"end":{"line":57,"column":70}}],"line":57},"4":{"loc":{"start":{"line":86,"column":11},"end":{"line":86,"column":85}},"type":"cond-expr","locations":[{"start":{"line":86,"column":35},"end":{"line":86,"column":56}},{"start":{"line":86,"column":59},"end":{"line":86,"column":85}}],"line":86}},"s":{"0":8,"1":8,"2":8,"3":4,"4":1,"5":1,"6":1,"7":3,"8":3,"9":3,"10":1,"11":1,"12":3,"13":1,"14":2,"15":4,"16":4,"17":4,"18":3,"19":3,"20":3,"21":3,"22":0,"23":0,"24":3,"25":3,"26":0},"f":{"0":8,"1":4,"2":1,"3":3,"4":1,"5":2,"6":4,"7":3,"8":0,"9":3,"10":0},"b":{"0":[0],"1":[0],"2":[1,3],"3":[1,0],"4":[2,0]},"_coverageSchema":"1a1c01bbd47fc00a2c39e90264f33305004495a9","hash":"f7231d5d37ec7665500788fba62bb4d779cbd316"}
}
