TN:
SF:multilanguagejs.js
FN:19,(anonymous_0)
FN:31,(anonymous_1)
FN:55,(anonymous_2)
FN:66,(anonymous_3)
FN:75,(anonymous_4)
FN:84,(anonymous_5)
FN:93,(anonymous_6)
FN:105,(anonymous_7)
FN:113,(anonymous_8)
FN:126,(anonymous_9)
FN:130,(anonymous_10)
FNF:11
FNH:11
FNDA:14,(anonymous_0)
FNDA:6,(anonymous_1)
FNDA:1,(anonymous_2)
FNDA:3,(anonymous_3)
FNDA:1,(anonymous_4)
FNDA:2,(anonymous_5)
FNDA:8,(anonymous_6)
FNDA:5,(anonymous_7)
FNDA:11,(anonymous_8)
FNDA:5,(anonymous_9)
FNDA:18,(anonymous_10)
DA:21,14
DA:22,14
DA:23,14
DA:34,6
DA:36,1
DA:38,1
DA:40,1
DA:44,5
DA:46,5
DA:48,5
DA:57,1
DA:59,1
DA:68,3
DA:77,1
DA:86,2
DA:95,8
DA:96,8
DA:98,8
DA:107,5
DA:108,5
DA:111,5
DA:113,5
DA:115,11
DA:117,11
DA:128,5
DA:130,5
DA:131,18
LF:27
LH:27
BRDA:19,0,0,0
BRDA:19,1,0,0
BRDA:34,2,0,1
BRDA:34,2,1,5
BRDA:57,3,0,1
BRDA:57,3,1,0
BRDA:86,4,0,2
BRDA:86,4,1,0
BRF:8
BRH:4
end_of_record
